# JRE version: Java(TM) SE Runtime Environment (8.0_51-b16) (build 1.8.0_51-b16)
# Java VM: Java HotSpot(TM) 64-Bit Server VM (25.51-b03 mixed mode linux-amd64 compressed oops)
Heap:
 PSYoungGen      total 153600K, used 17967K [0x00000000d6f00000, 0x00000000e2100000, 0x0000000100000000)
  eden space 126976K, 7% used [0x00000000d6f00000,0x00000000d782a738,0x00000000deb00000)
  from space 26624K, 32% used [0x00000000e0700000,0x00000000e0f615e0,0x00000000e2100000)
  to   space 27648K, 0% used [0x00000000deb00000,0x00000000deb00000,0x00000000e0600000)
 ParOldGen       total 84992K, used 48318K [0x0000000084c00000, 0x0000000089f00000, 0x00000000d6f00000)
  object space 84992K, 56% used [0x0000000084c00000,0x0000000087b2f800,0x0000000089f00000)
 Metaspace       used 19606K, capacity 19849K, committed 20224K, reserved 1067008K
  class space    used 1885K, capacity 1954K, committed 2048K, reserved 1048576K
GC Heap History (10 events):
Event: 1.306 GC heap before
{Heap before GC invocations=2 (full 0):
 PSYoungGen      total 36864K, used 36360K [0x00000000d6f00000, 0x00000000d9800000, 0x0000000100000000)
  eden space 31744K, 100% used [0x00000000d6f00000,0x00000000d8e00000,0x00000000d8e00000)
  from space 5120K, 90% used [0x00000000d8e00000,0x00000000d9282178,0x00000000d9300000)
  to   space 5120K, 0% used [0x00000000d9300000,0x00000000d9300000,0x00000000d9800000)
 ParOldGen       total 84992K, used 16K [0x0000000084c00000, 0x0000000089f00000, 0x00000000d6f00000)
  object space 84992K, 0% used [0x0000000084c00000,0x0000000084c04000,0x0000000089f00000)
 Metaspace       used 18386K, capacity 18603K, committed 18816K, reserved 1067008K
  class space    used 1806K, capacity 1885K, committed 1920K, reserved 1048576K
Event: 1.322 GC heap after
Heap after GC invocations=2 (full 0):
 PSYoungGen      total 36864K, used 5112K [0x00000000d6f00000, 0x00000000db700000, 0x0000000100000000)
  eden space 31744K, 0% used [0x00000000d6f00000,0x00000000d6f00000,0x00000000d8e00000)
  from space 5120K, 99% used [0x00000000d9300000,0x00000000d97fe0c8,0x00000000d9800000)
  to   space 5120K, 0% used [0x00000000d8e00000,0x00000000d8e00000,0x00000000d9300000)
 ParOldGen       total 84992K, used 6167K [0x0000000084c00000, 0x0000000089f00000, 0x00000000d6f00000)
  object space 84992K, 7% used [0x0000000084c00000,0x0000000085205ed0,0x0000000089f00000)
 Metaspace       used 18386K, capacity 18603K, committed 18816K, reserved 1067008K
  class space    used 1806K, capacity 1885K, committed 1920K, reserved 1048576K
}
Event: 1.563 GC heap before
{Heap before GC invocations=3 (full 0):
 PSYoungGen      total 36864K, used 36856K [0x00000000d6f00000, 0x00000000db700000, 0x0000000100000000)
  eden space 31744K, 100% used [0x00000000d6f00000,0x00000000d8e00000,0x00000000d8e00000)
  from space 5120K, 99% used [0x00000000d9300000,0x00000000d97fe0c8,0x00000000d9800000)
  to   space 5120K, 0% used [0x00000000d8e00000,0x00000000d8e00000,0x00000000d9300000)
 ParOldGen       total 84992K, used 6167K [0x0000000084c00000, 0x0000000089f00000, 0x00000000d6f00000)
  object space 84992K, 7% used [0x0000000084c00000,0x0000000085205ed0,0x0000000089f00000)
 Metaspace       used 18431K, capacity 18667K, committed 18816K, reserved 1067008K
  class space    used 1811K, capacity 1885K, committed 1920K, reserved 1048576K
Event: 1.581 GC heap after
Heap after GC invocations=3 (full 0):
 PSYoungGen      total 36864K, used 5111K [0x00000000d6f00000, 0x00000000db700000, 0x0000000100000000)
  eden space 31744K, 0% used [0x00000000d6f00000,0x00000000d6f00000,0x00000000d8e00000)
  from space 5120K, 99% used [0x00000000d8e00000,0x00000000d92fdf30,0x00000000d9300000)
  to   space 5120K, 0% used [0x00000000db200000,0x00000000db200000,0x00000000db700000)
 ParOldGen       total 84992K, used 17995K [0x0000000084c00000, 0x0000000089f00000, 0x00000000d6f00000)
  object space 84992K, 21% used [0x0000000084c00000,0x0000000085d92f10,0x0000000089f00000)
 Metaspace       used 18431K, capacity 18667K, committed 18816K, reserved 1067008K
  class space    used 1811K, capacity 1885K, committed 1920K, reserved 1048576K
}
Event: 1.622 GC heap before
{Heap before GC invocations=4 (full 0):
 PSYoungGen      total 36864K, used 36855K [0x00000000d6f00000, 0x00000000db700000, 0x0000000100000000)
  eden space 31744K, 100% used [0x00000000d6f00000,0x00000000d8e00000,0x00000000d8e00000)
  from space 5120K, 99% used [0x00000000d8e00000,0x00000000d92fdf30,0x00000000d9300000)
  to   space 5120K, 0% used [0x00000000db200000,0x00000000db200000,0x00000000db700000)
 ParOldGen       total 84992K, used 17995K [0x0000000084c00000, 0x0000000089f00000, 0x00000000d6f00000)
  object space 84992K, 21% used [0x0000000084c00000,0x0000000085d92f10,0x0000000089f00000)
 Metaspace       used 18431K, capacity 18667K, committed 18816K, reserved 1067008K
  class space    used 1811K, capacity 1885K, committed 1920K, reserved 1048576K
Event: 1.641 GC heap after
Heap after GC invocations=4 (full 0):
 PSYoungGen      total 68608K, used 5094K [0x00000000d6f00000, 0x00000000db700000, 0x0000000100000000)
  eden space 63488K, 0% used [0x00000000d6f00000,0x00000000d6f00000,0x00000000dad00000)
  from space 5120K, 99% used [0x00000000db200000,0x00000000db6f9b18,0x00000000db700000)
  to   space 5120K, 0% used [0x00000000dad00000,0x00000000dad00000,0x00000000db200000)
 ParOldGen       total 84992K, used 30747K [0x0000000084c00000, 0x0000000089f00000, 0x00000000d6f00000)
  object space 84992K, 36% used [0x0000000084c00000,0x0000000086a06f10,0x0000000089f00000)
 Metaspace       used 18431K, capacity 18667K, committed 18816K, reserved 1067008K
  class space    used 1811K, capacity 1885K, committed 1920K, reserved 1048576K
}
Event: 2.183 GC heap before
{Heap before GC invocations=5 (full 0):
 PSYoungGen      total 68608K, used 68582K [0x00000000d6f00000, 0x00000000db700000, 0x0000000100000000)
  eden space 63488K, 100% used [0x00000000d6f00000,0x00000000dad00000,0x00000000dad00000)
  from space 5120K, 99% used [0x00000000db200000,0x00000000db6f9b18,0x00000000db700000)
  to   space 5120K, 0% used [0x00000000dad00000,0x00000000dad00000,0x00000000db200000)
 ParOldGen       total 84992K, used 30747K [0x0000000084c00000, 0x0000000089f00000, 0x00000000d6f00000)
  object space 84992K, 36% used [0x0000000084c00000,0x0000000086a06f10,0x0000000089f00000)
 Metaspace       used 19301K, capacity 19523K, committed 19712K, reserved 1067008K
  class space    used 1882K, capacity 1953K, committed 2048K, reserved 1048576K
Event: 2.207 GC heap after
Heap after GC invocations=5 (full 0):
 PSYoungGen      total 68608K, used 5109K [0x00000000d6f00000, 0x00000000e2300000, 0x0000000100000000)
  eden space 63488K, 0% used [0x00000000d6f00000,0x00000000d6f00000,0x00000000dad00000)
  from space 5120K, 99% used [0x00000000dad00000,0x00000000db1fd500,0x00000000db200000)
  to   space 28672K, 0% used [0x00000000e0700000,0x00000000e0700000,0x00000000e2300000)
 ParOldGen       total 84992K, used 48310K [0x0000000084c00000, 0x0000000089f00000, 0x00000000d6f00000)
  object space 84992K, 56% used [0x0000000084c00000,0x0000000087b2d800,0x0000000089f00000)
 Metaspace       used 19301K, capacity 19523K, committed 19712K, reserved 1067008K
  class space    used 1882K, capacity 1953K, committed 2048K, reserved 1048576K
}
Event: 3.983 GC heap before
{Heap before GC invocations=6 (full 0):
 PSYoungGen      total 68608K, used 68597K [0x00000000d6f00000, 0x00000000e2300000, 0x0000000100000000)
  eden space 63488K, 100% used [0x00000000d6f00000,0x00000000dad00000,0x00000000dad00000)
  from space 5120K, 99% used [0x00000000dad00000,0x00000000db1fd500,0x00000000db200000)
  to   space 28672K, 0% used [0x00000000e0700000,0x00000000e0700000,0x00000000e2300000)
 ParOldGen       total 84992K, used 48310K [0x0000000084c00000, 0x0000000089f00000, 0x00000000d6f00000)
  object space 84992K, 56% used [0x0000000084c00000,0x0000000087b2d800,0x0000000089f00000)
 Metaspace       used 19575K, capacity 19849K, committed 20224K, reserved 1067008K
  class space    used 1882K, capacity 1954K, committed 2048K, reserved 1048576K
Event: 3.995 GC heap after
Heap after GC invocations=6 (full 0):
 PSYoungGen      total 153600K, used 8581K [0x00000000d6f00000, 0x00000000e2100000, 0x0000000100000000)
  eden space 126976K, 0% used [0x00000000d6f00000,0x00000000d6f00000,0x00000000deb00000)
  from space 26624K, 32% used [0x00000000e0700000,0x00000000e0f615e0,0x00000000e2100000)
  to   space 27648K, 0% used [0x00000000deb00000,0x00000000deb00000,0x00000000e0600000)
 ParOldGen       total 84992K, used 48318K [0x0000000084c00000, 0x0000000089f00000, 0x00000000d6f00000)
  object space 84992K, 56% used [0x0000000084c00000,0x0000000087b2f800,0x0000000089f00000)
 Metaspace       used 19575K, capacity 19849K, committed 20224K, reserved 1067008K
  class space    used 1882K, capacity 1954K, committed 2048K, reserved 1048576K
}

