# JRE version: Java(TM) SE Runtime Environment (8.0_51-b16) (build 1.8.0_51-b16)
# Java VM: Java HotSpot(TM) 64-Bit Server VM (25.51-b03 mixed mode linux-amd64 compressed oops)
Heap:
 PSYoungGen      total 645120K, used 433142K [0x00000000d6f00000, 0x00000000ffd00000, 0x0000000100000000)
  eden space 621568K, 68% used [0x00000000d6f00000,0x00000000f0e45888,0x00000000fce00000)
  from space 23552K, 33% used [0x00000000fe600000,0x00000000fedb81e0,0x00000000ffd00000)
  to   space 24064K, 0% used [0x00000000fce00000,0x00000000fce00000,0x00000000fe580000)
 ParOldGen       total 84992K, used 65887K [0x0000000084c00000, 0x0000000089f00000, 0x00000000d6f00000)
  object space 84992K, 77% used [0x0000000084c00000,0x0000000088c57f58,0x0000000089f00000)
 Metaspace       used 20620K, capacity 20849K, committed 20992K, reserved 1069056K
  class space    used 1920K, capacity 1988K, committed 2048K, reserved 1048576K
GC Heap History (10 events):
Event: 4.163 GC heap before
{Heap before GC invocations=8 (full 0):
 PSYoungGen      total 154624K, used 134259K [0x00000000d6f00000, 0x00000000e9c00000, 0x0000000100000000)
  eden space 126976K, 100% used [0x00000000d6f00000,0x00000000deb00000,0x00000000deb00000)
  from space 27648K, 26% used [0x00000000deb00000,0x00000000df21cdc0,0x00000000e0600000)
  to   space 27136K, 0% used [0x00000000e8180000,0x00000000e8180000,0x00000000e9c00000)
 ParOldGen       total 84992K, used 50194K [0x0000000084c00000, 0x0000000089f00000, 0x00000000d6f00000)
  object space 84992K, 59% used [0x0000000084c00000,0x0000000087d04b38,0x0000000089f00000)
 Metaspace       used 19515K, capacity 19717K, committed 19968K, reserved 1067008K
  class space    used 1877K, capacity 1954K, committed 2048K, reserved 1048576K
Event: 4.171 GC heap after
Heap after GC invocations=8 (full 0):
 PSYoungGen      total 280064K, used 7315K [0x00000000d6f00000, 0x00000000e9b00000, 0x0000000100000000)
  eden space 253952K, 0% used [0x00000000d6f00000,0x00000000d6f00000,0x00000000e6700000)
  from space 26112K, 28% used [0x00000000e8180000,0x00000000e88a4dc0,0x00000000e9b00000)
  to   space 26624K, 0% used [0x00000000e6700000,0x00000000e6700000,0x00000000e8100000)
 ParOldGen       total 84992K, used 50226K [0x0000000084c00000, 0x0000000089f00000, 0x00000000d6f00000)
  object space 84992K, 59% used [0x0000000084c00000,0x0000000087d0cb38,0x0000000089f00000)
 Metaspace       used 19515K, capacity 19717K, committed 19968K, reserved 1067008K
  class space    used 1877K, capacity 1954K, committed 2048K, reserved 1048576K
}
Event: 5.813 GC heap before
{Heap before GC invocations=9 (full 0):
 PSYoungGen      total 280064K, used 261267K [0x00000000d6f00000, 0x00000000e9b00000, 0x0000000100000000)
  eden space 253952K, 100% used [0x00000000d6f00000,0x00000000e6700000,0x00000000e6700000)
  from space 26112K, 28% used [0x00000000e8180000,0x00000000e88a4dc0,0x00000000e9b00000)
  to   space 26624K, 0% used [0x00000000e6700000,0x00000000e6700000,0x00000000e8100000)
 ParOldGen       total 84992K, used 50226K [0x0000000084c00000, 0x0000000089f00000, 0x00000000d6f00000)
  object space 84992K, 59% used [0x0000000084c00000,0x0000000087d0cb38,0x0000000089f00000)
 Metaspace       used 20075K, capacity 20331K, committed 20480K, reserved 1067008K
  class space    used 1915K, capacity 1987K, committed 2048K, reserved 1048576K
Event: 5.817 GC heap after
Heap after GC invocations=9 (full 0):
 PSYoungGen      total 280576K, used 3040K [0x00000000d6f00000, 0x00000000f3000000, 0x0000000100000000)
  eden space 253952K, 0% used [0x00000000d6f00000,0x00000000d6f00000,0x00000000e6700000)
  from space 26624K, 11% used [0x00000000e6700000,0x00000000e69f8080,0x00000000e8100000)
  to   space 26624K, 0% used [0x00000000f1600000,0x00000000f1600000,0x00000000f3000000)
 ParOldGen       total 84992K, used 55366K [0x0000000084c00000, 0x0000000089f00000, 0x00000000d6f00000)
  object space 84992K, 65% used [0x0000000084c00000,0x0000000088211878,0x0000000089f00000)
 Metaspace       used 20075K, capacity 20331K, committed 20480K, reserved 1067008K
  class space    used 1915K, capacity 1987K, committed 2048K, reserved 1048576K
}
Event: 7.223 GC heap before
{Heap before GC invocations=10 (full 0):
 PSYoungGen      total 280576K, used 256992K [0x00000000d6f00000, 0x00000000f3000000, 0x0000000100000000)
  eden space 253952K, 100% used [0x00000000d6f00000,0x00000000e6700000,0x00000000e6700000)
  from space 26624K, 11% used [0x00000000e6700000,0x00000000e69f8080,0x00000000e8100000)
  to   space 26624K, 0% used [0x00000000f1600000,0x00000000f1600000,0x00000000f3000000)
 ParOldGen       total 84992K, used 55366K [0x0000000084c00000, 0x0000000089f00000, 0x00000000d6f00000)
  object space 84992K, 65% used [0x0000000084c00000,0x0000000088211878,0x0000000089f00000)
 Metaspace       used 20233K, capacity 20465K, committed 20736K, reserved 1069056K
  class space    used 1917K, capacity 1988K, committed 2048K, reserved 1048576K
Event: 7.226 GC heap after
Heap after GC invocations=10 (full 0):
 PSYoungGen      total 432128K, used 3968K [0x00000000d6f00000, 0x00000000f2f00000, 0x0000000100000000)
  eden space 406528K, 0% used [0x00000000d6f00000,0x00000000d6f00000,0x00000000efc00000)
  from space 25600K, 15% used [0x00000000f1600000,0x00000000f19e00c0,0x00000000f2f00000)
  to   space 26112K, 0% used [0x00000000efc00000,0x00000000efc00000,0x00000000f1580000)
 ParOldGen       total 84992K, used 57470K [0x0000000084c00000, 0x0000000089f00000, 0x00000000d6f00000)
  object space 84992K, 67% used [0x0000000084c00000,0x000000008841f8f8,0x0000000089f00000)
 Metaspace       used 20233K, capacity 20465K, committed 20736K, reserved 1069056K
  class space    used 1917K, capacity 1988K, committed 2048K, reserved 1048576K
}
Event: 9.366 GC heap before
{Heap before GC invocations=11 (full 0):
 PSYoungGen      total 432128K, used 410496K [0x00000000d6f00000, 0x00000000f2f00000, 0x0000000100000000)
  eden space 406528K, 100% used [0x00000000d6f00000,0x00000000efc00000,0x00000000efc00000)
  from space 25600K, 15% used [0x00000000f1600000,0x00000000f19e00c0,0x00000000f2f00000)
  to   space 26112K, 0% used [0x00000000efc00000,0x00000000efc00000,0x00000000f1580000)
 ParOldGen       total 84992K, used 57470K [0x0000000084c00000, 0x0000000089f00000, 0x00000000d6f00000)
  object space 84992K, 67% used [0x0000000084c00000,0x000000008841f8f8,0x0000000089f00000)
 Metaspace       used 20435K, capacity 20657K, committed 20992K, reserved 1069056K
  class space    used 1918K, capacity 1988K, committed 2048K, reserved 1048576K
Event: 9.371 GC heap after
Heap after GC invocations=11 (full 0):
 PSYoungGen      total 432640K, used 6880K [0x00000000d6f00000, 0x00000000ffe80000, 0x0000000100000000)
  eden space 406528K, 0% used [0x00000000d6f00000,0x00000000d6f00000,0x00000000efc00000)
  from space 26112K, 26% used [0x00000000efc00000,0x00000000f02b81a0,0x00000000f1580000)
  to   space 25088K, 0% used [0x00000000fe600000,0x00000000fe600000,0x00000000ffe80000)
 ParOldGen       total 84992K, used 60215K [0x0000000084c00000, 0x0000000089f00000, 0x00000000d6f00000)
  object space 84992K, 70% used [0x0000000084c00000,0x00000000886cddf8,0x0000000089f00000)
 Metaspace       used 20435K, capacity 20657K, committed 20992K, reserved 1069056K
  class space    used 1918K, capacity 1988K, committed 2048K, reserved 1048576K
}
Event: 11.564 GC heap before
{Heap before GC invocations=12 (full 0):
 PSYoungGen      total 432640K, used 413408K [0x00000000d6f00000, 0x00000000ffe80000, 0x0000000100000000)
  eden space 406528K, 100% used [0x00000000d6f00000,0x00000000efc00000,0x00000000efc00000)
  from space 26112K, 26% used [0x00000000efc00000,0x00000000f02b81a0,0x00000000f1580000)
  to   space 25088K, 0% used [0x00000000fe600000,0x00000000fe600000,0x00000000ffe80000)
 ParOldGen       total 84992K, used 60215K [0x0000000084c00000, 0x0000000089f00000, 0x00000000d6f00000)
  object space 84992K, 70% used [0x0000000084c00000,0x00000000886cddf8,0x0000000089f00000)
 Metaspace       used 20534K, capacity 20721K, committed 20992K, reserved 1069056K
  class space    used 1918K, capacity 1988K, committed 2048K, reserved 1048576K
Event: 11.568 GC heap after
Heap after GC invocations=12 (full 0):
 PSYoungGen      total 645120K, used 7904K [0x00000000d6f00000, 0x00000000ffd00000, 0x0000000100000000)
  eden space 621568K, 0% used [0x00000000d6f00000,0x00000000d6f00000,0x00000000fce00000)
  from space 23552K, 33% used [0x00000000fe600000,0x00000000fedb81e0,0x00000000ffd00000)
  to   space 24064K, 0% used [0x00000000fce00000,0x00000000fce00000,0x00000000fe580000)
 ParOldGen       total 84992K, used 65887K [0x0000000084c00000, 0x0000000089f00000, 0x00000000d6f00000)
  object space 84992K, 77% used [0x0000000084c00000,0x0000000088c57f58,0x0000000089f00000)
 Metaspace       used 20534K, capacity 20721K, committed 20992K, reserved 1069056K
  class space    used 1918K, capacity 1988K, committed 2048K, reserved 1048576K
}

