# JRE version: Java(TM) SE Runtime Environment (8.0_51-b16) (build 1.8.0_51-b16)
# Java VM: Java HotSpot(TM) 64-Bit Server VM (25.51-b03 mixed mode linux-amd64 compressed oops)
Heap:
 PSYoungGen      total 430592K, used 369316K [0x00000000d6f00000, 0x00000000fec80000, 0x0000000100000000)
  eden space 399360K, 92% used [0x00000000d6f00000,0x00000000ed791388,0x00000000ef500000)
  from space 31232K, 0% used [0x00000000ef500000,0x00000000ef518000,0x00000000f1380000)
  to   space 31744K, 0% used [0x00000000fcd80000,0x00000000fcd80000,0x00000000fec80000)
 ParOldGen       total 120832K, used 59828K [0x0000000084c00000, 0x000000008c200000, 0x00000000d6f00000)
  object space 120832K, 49% used [0x0000000084c00000,0x000000008866d1b8,0x000000008c200000)
 Metaspace       used 20729K, capacity 20909K, committed 21248K, reserved 1069056K
  class space    used 1925K, capacity 1988K, committed 2048K, reserved 1048576K
GC Heap History (10 events):
Event: 8.919 GC heap before
{Heap before GC invocations=8 (full 0):
 PSYoungGen      total 154112K, used 144317K [0x00000000d6f00000, 0x00000000e9c00000, 0x0000000100000000)
  eden space 126976K, 100% used [0x00000000d6f00000,0x00000000deb00000,0x00000000deb00000)
  from space 27136K, 63% used [0x00000000deb00000,0x00000000dfbef6a0,0x00000000e0580000)
  to   space 27136K, 0% used [0x00000000e8180000,0x00000000e8180000,0x00000000e9c00000)
 ParOldGen       total 84992K, used 49935K [0x0000000084c00000, 0x0000000089f00000, 0x00000000d6f00000)
  object space 84992K, 58% used [0x0000000084c00000,0x0000000087cc3eb0,0x0000000089f00000)
 Metaspace       used 20476K, capacity 20717K, committed 20992K, reserved 1069056K
  class space    used 1923K, capacity 1988K, committed 2048K, reserved 1048576K
Event: 8.931 GC heap after
Heap after GC invocations=8 (full 0):
 PSYoungGen      total 277504K, used 25486K [0x00000000d6f00000, 0x00000000ea300000, 0x0000000100000000)
  eden space 250368K, 0% used [0x00000000d6f00000,0x00000000d6f00000,0x00000000e6380000)
  from space 27136K, 93% used [0x00000000e8180000,0x00000000e9a63880,0x00000000e9c00000)
  to   space 30720K, 0% used [0x00000000e6380000,0x00000000e6380000,0x00000000e8180000)
 ParOldGen       total 84992K, used 50023K [0x0000000084c00000, 0x0000000089f00000, 0x00000000d6f00000)
  object space 84992K, 58% used [0x0000000084c00000,0x0000000087cd9eb0,0x0000000089f00000)
 Metaspace       used 20476K, capacity 20717K, committed 20992K, reserved 1069056K
  class space    used 1923K, capacity 1988K, committed 2048K, reserved 1048576K
}
Event: 16.048 GC heap before
{Heap before GC invocations=9 (full 0):
 PSYoungGen      total 277504K, used 275854K [0x00000000d6f00000, 0x00000000ea300000, 0x0000000100000000)
  eden space 250368K, 100% used [0x00000000d6f00000,0x00000000e6380000,0x00000000e6380000)
  from space 27136K, 93% used [0x00000000e8180000,0x00000000e9a63880,0x00000000e9c00000)
  to   space 30720K, 0% used [0x00000000e6380000,0x00000000e6380000,0x00000000e8180000)
 ParOldGen       total 84992K, used 50023K [0x0000000084c00000, 0x0000000089f00000, 0x00000000d6f00000)
  object space 84992K, 58% used [0x0000000084c00000,0x0000000087cd9eb0,0x0000000089f00000)
 Metaspace       used 20657K, capacity 20845K, committed 20992K, reserved 1069056K
  class space    used 1923K, capacity 1988K, committed 2048K, reserved 1048576K
Event: 16.055 GC heap after
Heap after GC invocations=9 (full 0):
 PSYoungGen      total 281088K, used 17825K [0x00000000d6f00000, 0x00000000f3080000, 0x0000000100000000)
  eden space 250368K, 0% used [0x00000000d6f00000,0x00000000d6f00000,0x00000000e6380000)
  from space 30720K, 58% used [0x00000000e6380000,0x00000000e74e8420,0x00000000e8180000)
  to   space 29696K, 0% used [0x00000000f1380000,0x00000000f1380000,0x00000000f3080000)
 ParOldGen       total 84992K, used 57564K [0x0000000084c00000, 0x0000000089f00000, 0x00000000d6f00000)
  object space 84992K, 67% used [0x0000000084c00000,0x00000000884373a0,0x0000000089f00000)
 Metaspace       used 20657K, capacity 20845K, committed 20992K, reserved 1069056K
  class space    used 1923K, capacity 1988K, committed 2048K, reserved 1048576K
}
Event: 24.250 GC heap before
{Heap before GC invocations=10 (full 0):
 PSYoungGen      total 281088K, used 268193K [0x00000000d6f00000, 0x00000000f3080000, 0x0000000100000000)
  eden space 250368K, 100% used [0x00000000d6f00000,0x00000000e6380000,0x00000000e6380000)
  from space 30720K, 58% used [0x00000000e6380000,0x00000000e74e8420,0x00000000e8180000)
  to   space 29696K, 0% used [0x00000000f1380000,0x00000000f1380000,0x00000000f3080000)
 ParOldGen       total 84992K, used 57564K [0x0000000084c00000, 0x0000000089f00000, 0x00000000d6f00000)
  object space 84992K, 67% used [0x0000000084c00000,0x00000000884373a0,0x0000000089f00000)
 Metaspace       used 20670K, capacity 20845K, committed 20992K, reserved 1069056K
  class space    used 1923K, capacity 1988K, committed 2048K, reserved 1048576K
Event: 24.255 GC heap after
Heap after GC invocations=10 (full 0):
 PSYoungGen      total 429056K, used 160K [0x00000000d6f00000, 0x00000000f3380000, 0x0000000100000000)
  eden space 399360K, 0% used [0x00000000d6f00000,0x00000000d6f00000,0x00000000ef500000)
  from space 29696K, 0% used [0x00000000f1380000,0x00000000f13a8000,0x00000000f3080000)
  to   space 31232K, 0% used [0x00000000ef500000,0x00000000ef500000,0x00000000f1380000)
 ParOldGen       total 84992K, used 75223K [0x0000000084c00000, 0x0000000089f00000, 0x00000000d6f00000)
  object space 84992K, 88% used [0x0000000084c00000,0x0000000089575c40,0x0000000089f00000)
 Metaspace       used 20670K, capacity 20845K, committed 20992K, reserved 1069056K
  class space    used 1923K, capacity 1988K, committed 2048K, reserved 1048576K
}
Event: 24.255 GC heap before
{Heap before GC invocations=11 (full 1):
 PSYoungGen      total 429056K, used 160K [0x00000000d6f00000, 0x00000000f3380000, 0x0000000100000000)
  eden space 399360K, 0% used [0x00000000d6f00000,0x00000000d6f00000,0x00000000ef500000)
  from space 29696K, 0% used [0x00000000f1380000,0x00000000f13a8000,0x00000000f3080000)
  to   space 31232K, 0% used [0x00000000ef500000,0x00000000ef500000,0x00000000f1380000)
 ParOldGen       total 84992K, used 75223K [0x0000000084c00000, 0x0000000089f00000, 0x00000000d6f00000)
  object space 84992K, 88% used [0x0000000084c00000,0x0000000089575c40,0x0000000089f00000)
 Metaspace       used 20670K, capacity 20845K, committed 20992K, reserved 1069056K
  class space    used 1923K, capacity 1988K, committed 2048K, reserved 1048576K
Event: 24.382 GC heap after
Heap after GC invocations=11 (full 1):
 PSYoungGen      total 429056K, used 0K [0x00000000d6f00000, 0x00000000f3380000, 0x0000000100000000)
  eden space 399360K, 0% used [0x00000000d6f00000,0x00000000d6f00000,0x00000000ef500000)
  from space 29696K, 0% used [0x00000000f1380000,0x00000000f1380000,0x00000000f3080000)
  to   space 31232K, 0% used [0x00000000ef500000,0x00000000ef500000,0x00000000f1380000)
 ParOldGen       total 120832K, used 59828K [0x0000000084c00000, 0x000000008c200000, 0x00000000d6f00000)
  object space 120832K, 49% used [0x0000000084c00000,0x000000008866d1b8,0x000000008c200000)
 Metaspace       used 20670K, capacity 20845K, committed 20992K, reserved 1069056K
  class space    used 1923K, capacity 1988K, committed 2048K, reserved 1048576K
}
Event: 37.513 GC heap before
{Heap before GC invocations=12 (full 1):
 PSYoungGen      total 429056K, used 399360K [0x00000000d6f00000, 0x00000000f3380000, 0x0000000100000000)
  eden space 399360K, 100% used [0x00000000d6f00000,0x00000000ef500000,0x00000000ef500000)
  from space 29696K, 0% used [0x00000000f1380000,0x00000000f1380000,0x00000000f3080000)
  to   space 31232K, 0% used [0x00000000ef500000,0x00000000ef500000,0x00000000f1380000)
 ParOldGen       total 120832K, used 59828K [0x0000000084c00000, 0x000000008c200000, 0x00000000d6f00000)
  object space 120832K, 49% used [0x0000000084c00000,0x000000008866d1b8,0x000000008c200000)
 Metaspace       used 20671K, capacity 20845K, committed 20992K, reserved 1069056K
  class space    used 1923K, capacity 1988K, committed 2048K, reserved 1048576K
Event: 37.515 GC heap after
Heap after GC invocations=12 (full 1):
 PSYoungGen      total 430592K, used 96K [0x00000000d6f00000, 0x00000000fec80000, 0x0000000100000000)
  eden space 399360K, 0% used [0x00000000d6f00000,0x00000000d6f00000,0x00000000ef500000)
  from space 31232K, 0% used [0x00000000ef500000,0x00000000ef518000,0x00000000f1380000)
  to   space 31744K, 0% used [0x00000000fcd80000,0x00000000fcd80000,0x00000000fec80000)
 ParOldGen       total 120832K, used 59828K [0x0000000084c00000, 0x000000008c200000, 0x00000000d6f00000)
  object space 120832K, 49% used [0x0000000084c00000,0x000000008866d1b8,0x000000008c200000)
 Metaspace       used 20671K, capacity 20845K, committed 20992K, reserved 1069056K
  class space    used 1923K, capacity 1988K, committed 2048K, reserved 1048576K
}

