# JRE version: Java(TM) SE Runtime Environment (8.0_51-b16) (build 1.8.0_51-b16)
# Java VM: Java HotSpot(TM) 64-Bit Server VM (25.51-b03 mixed mode linux-amd64 compressed oops)
Heap:
 PSYoungGen      total 280576K, used 99015K [0x00000000d6f00000, 0x00000000f2e00000, 0x0000000100000000)
  eden space 251392K, 33% used [0x00000000d6f00000,0x00000000dc099ba0,0x00000000e6480000)
  from space 29184K, 52% used [0x00000000e6480000,0x00000000e7398390,0x00000000e8100000)
  to   space 27648K, 0% used [0x00000000f1300000,0x00000000f1300000,0x00000000f2e00000)
 ParOldGen       total 84992K, used 55240K [0x0000000084c00000, 0x0000000089f00000, 0x00000000d6f00000)
  object space 84992K, 64% used [0x0000000084c00000,0x00000000881f22f8,0x0000000089f00000)
 Metaspace       used 20610K, capacity 20837K, committed 20992K, reserved 1069056K
  class space    used 1914K, capacity 1988K, committed 2048K, reserved 1048576K
GC Heap History (10 events):
Event: 2.549 GC heap before
{Heap before GC invocations=5 (full 0):
 PSYoungGen      total 68608K, used 68592K [0x00000000d6f00000, 0x00000000db700000, 0x0000000100000000)
  eden space 63488K, 100% used [0x00000000d6f00000,0x00000000dad00000,0x00000000dad00000)
  from space 5120K, 99% used [0x00000000db200000,0x00000000db6fc190,0x00000000db700000)
  to   space 5120K, 0% used [0x00000000dad00000,0x00000000dad00000,0x00000000db200000)
 ParOldGen       total 84992K, used 28155K [0x0000000084c00000, 0x0000000089f00000, 0x00000000d6f00000)
  object space 84992K, 33% used [0x0000000084c00000,0x000000008677ee20,0x0000000089f00000)
 Metaspace       used 19010K, capacity 19219K, committed 19456K, reserved 1067008K
  class space    used 1843K, capacity 1921K, committed 2048K, reserved 1048576K
Event: 2.571 GC heap after
Heap after GC invocations=5 (full 0):
 PSYoungGen      total 68608K, used 5119K [0x00000000d6f00000, 0x00000000e2100000, 0x0000000100000000)
  eden space 63488K, 0% used [0x00000000d6f00000,0x00000000d6f00000,0x00000000dad00000)
  from space 5120K, 99% used [0x00000000dad00000,0x00000000db1ffc20,0x00000000db200000)
  to   space 27648K, 0% used [0x00000000e0600000,0x00000000e0600000,0x00000000e2100000)
 ParOldGen       total 84992K, used 45786K [0x0000000084c00000, 0x0000000089f00000, 0x00000000d6f00000)
  object space 84992K, 53% used [0x0000000084c00000,0x00000000878b6800,0x0000000089f00000)
 Metaspace       used 19010K, capacity 19219K, committed 19456K, reserved 1067008K
  class space    used 1843K, capacity 1921K, committed 2048K, reserved 1048576K
}
Event: 4.167 GC heap before
{Heap before GC invocations=6 (full 0):
 PSYoungGen      total 68608K, used 68607K [0x00000000d6f00000, 0x00000000e2100000, 0x0000000100000000)
  eden space 63488K, 100% used [0x00000000d6f00000,0x00000000dad00000,0x00000000dad00000)
  from space 5120K, 99% used [0x00000000dad00000,0x00000000db1ffc20,0x00000000db200000)
  to   space 27648K, 0% used [0x00000000e0600000,0x00000000e0600000,0x00000000e2100000)
 ParOldGen       total 84992K, used 45786K [0x0000000084c00000, 0x0000000089f00000, 0x00000000d6f00000)
  object space 84992K, 53% used [0x0000000084c00000,0x00000000878b6800,0x0000000089f00000)
 Metaspace       used 19516K, capacity 19705K, committed 19968K, reserved 1067008K
  class space    used 1872K, capacity 1954K, committed 2048K, reserved 1048576K
Event: 4.182 GC heap after
Heap after GC invocations=6 (full 0):
 PSYoungGen      total 152576K, used 9549K [0x00000000d6f00000, 0x00000000e1f00000, 0x0000000100000000)
  eden space 126976K, 0% used [0x00000000d6f00000,0x00000000d6f00000,0x00000000deb00000)
  from space 25600K, 37% used [0x00000000e0600000,0x00000000e0f53500,0x00000000e1f00000)
  to   space 26624K, 0% used [0x00000000deb00000,0x00000000deb00000,0x00000000e0500000)
 ParOldGen       total 84992K, used 45794K [0x0000000084c00000, 0x0000000089f00000, 0x00000000d6f00000)
  object space 84992K, 53% used [0x0000000084c00000,0x00000000878b8800,0x0000000089f00000)
 Metaspace       used 19516K, capacity 19705K, committed 19968K, reserved 1067008K
  class space    used 1872K, capacity 1954K, committed 2048K, reserved 1048576K
}
Event: 7.134 GC heap before
{Heap before GC invocations=7 (full 0):
 PSYoungGen      total 152576K, used 136525K [0x00000000d6f00000, 0x00000000e1f00000, 0x0000000100000000)
  eden space 126976K, 100% used [0x00000000d6f00000,0x00000000deb00000,0x00000000deb00000)
  from space 25600K, 37% used [0x00000000e0600000,0x00000000e0f53500,0x00000000e1f00000)
  to   space 26624K, 0% used [0x00000000deb00000,0x00000000deb00000,0x00000000e0500000)
 ParOldGen       total 84992K, used 45794K [0x0000000084c00000, 0x0000000089f00000, 0x00000000d6f00000)
  object space 84992K, 53% used [0x0000000084c00000,0x00000000878b8800,0x0000000089f00000)
 Metaspace       used 19788K, capacity 20031K, committed 20224K, reserved 1067008K
  class space    used 1874K, capacity 1955K, committed 2048K, reserved 1048576K
Event: 7.147 GC heap after
Heap after GC invocations=7 (full 0):
 PSYoungGen      total 153600K, used 17085K [0x00000000d6f00000, 0x00000000e9b00000, 0x0000000100000000)
  eden space 126976K, 0% used [0x00000000d6f00000,0x00000000d6f00000,0x00000000deb00000)
  from space 26624K, 64% used [0x00000000deb00000,0x00000000dfbaf740,0x00000000e0500000)
  to   space 26624K, 0% used [0x00000000e8100000,0x00000000e8100000,0x00000000e9b00000)
 ParOldGen       total 84992K, used 47787K [0x0000000084c00000, 0x0000000089f00000, 0x00000000d6f00000)
  object space 84992K, 56% used [0x0000000084c00000,0x0000000087aaad88,0x0000000089f00000)
 Metaspace       used 19788K, capacity 20031K, committed 20224K, reserved 1067008K
  class space    used 1874K, capacity 1955K, committed 2048K, reserved 1048576K
}
Event: 9.999 GC heap before
{Heap before GC invocations=8 (full 0):
 PSYoungGen      total 153600K, used 144061K [0x00000000d6f00000, 0x00000000e9b00000, 0x0000000100000000)
  eden space 126976K, 100% used [0x00000000d6f00000,0x00000000deb00000,0x00000000deb00000)
  from space 26624K, 64% used [0x00000000deb00000,0x00000000dfbaf740,0x00000000e0500000)
  to   space 26624K, 0% used [0x00000000e8100000,0x00000000e8100000,0x00000000e9b00000)
 ParOldGen       total 84992K, used 47787K [0x0000000084c00000, 0x0000000089f00000, 0x00000000d6f00000)
  object space 84992K, 56% used [0x0000000084c00000,0x0000000087aaad88,0x0000000089f00000)
 Metaspace       used 20265K, capacity 20453K, committed 20736K, reserved 1069056K
  class space    used 1912K, capacity 1988K, committed 2048K, reserved 1048576K
Event: 10.006 GC heap after
Heap after GC invocations=8 (full 0):
 PSYoungGen      total 278016K, used 22976K [0x00000000d6f00000, 0x00000000ea000000, 0x0000000100000000)
  eden space 251392K, 0% used [0x00000000d6f00000,0x00000000d6f00000,0x00000000e6480000)
  from space 26624K, 86% used [0x00000000e8100000,0x00000000e9770178,0x00000000e9b00000)
  to   space 29184K, 0% used [0x00000000e6480000,0x00000000e6480000,0x00000000e8100000)
 ParOldGen       total 84992K, used 47883K [0x0000000084c00000, 0x0000000089f00000, 0x00000000d6f00000)
  object space 84992K, 56% used [0x0000000084c00000,0x0000000087ac2d88,0x0000000089f00000)
 Metaspace       used 20265K, capacity 20453K, committed 20736K, reserved 1069056K
  class space    used 1912K, capacity 1988K, committed 2048K, reserved 1048576K
}
Event: 17.614 GC heap before
{Heap before GC invocations=9 (full 0):
 PSYoungGen      total 278016K, used 274368K [0x00000000d6f00000, 0x00000000ea000000, 0x0000000100000000)
  eden space 251392K, 100% used [0x00000000d6f00000,0x00000000e6480000,0x00000000e6480000)
  from space 26624K, 86% used [0x00000000e8100000,0x00000000e9770178,0x00000000e9b00000)
  to   space 29184K, 0% used [0x00000000e6480000,0x00000000e6480000,0x00000000e8100000)
 ParOldGen       total 84992K, used 47883K [0x0000000084c00000, 0x0000000089f00000, 0x00000000d6f00000)
  object space 84992K, 56% used [0x0000000084c00000,0x0000000087ac2d88,0x0000000089f00000)
 Metaspace       used 20569K, capacity 20773K, committed 20992K, reserved 1069056K
  class space    used 1912K, capacity 1988K, committed 2048K, reserved 1048576K
Event: 17.621 GC heap after
Heap after GC invocations=9 (full 0):
 PSYoungGen      total 280576K, used 15456K [0x00000000d6f00000, 0x00000000f2e00000, 0x0000000100000000)
  eden space 251392K, 0% used [0x00000000d6f00000,0x00000000d6f00000,0x00000000e6480000)
  from space 29184K, 52% used [0x00000000e6480000,0x00000000e7398390,0x00000000e8100000)
  to   space 27648K, 0% used [0x00000000f1300000,0x00000000f1300000,0x00000000f2e00000)
 ParOldGen       total 84992K, used 55240K [0x0000000084c00000, 0x0000000089f00000, 0x00000000d6f00000)
  object space 84992K, 64% used [0x0000000084c00000,0x00000000881f22f8,0x0000000089f00000)
 Metaspace       used 20569K, capacity 20773K, committed 20992K, reserved 1069056K
  class space    used 1912K, capacity 1988K, committed 2048K, reserved 1048576K
}

