# JRE version: Java(TM) SE Runtime Environment (8.0_51-b16) (build 1.8.0_51-b16)
# Java VM: Java HotSpot(TM) 64-Bit Server VM (25.51-b03 mixed mode linux-amd64 compressed oops)
Heap:
 PSYoungGen      total 154112K, used 38100K [0x00000000d6f00000, 0x00000000e2200000, 0x0000000100000000)
  eden space 126976K, 23% used [0x00000000d6f00000,0x00000000d8b8fd08,0x00000000deb00000)
  from space 27136K, 32% used [0x00000000e0780000,0x00000000e1025550,0x00000000e2200000)
  to   space 28160K, 0% used [0x00000000deb00000,0x00000000deb00000,0x00000000e0680000)
 ParOldGen       total 84992K, used 49542K [0x0000000084c00000, 0x0000000089f00000, 0x00000000d6f00000)
  object space 84992K, 58% used [0x0000000084c00000,0x0000000087c61820,0x0000000089f00000)
 Metaspace       used 19562K, capacity 19779K, committed 19968K, reserved 1067008K
  class space    used 1876K, capacity 1953K, committed 2048K, reserved 1048576K
GC Heap History (10 events):
Event: 1.266 GC heap before
{Heap before GC invocations=2 (full 0):
 PSYoungGen      total 36864K, used 36461K [0x00000000d6f00000, 0x00000000d9800000, 0x0000000100000000)
  eden space 31744K, 100% used [0x00000000d6f00000,0x00000000d8e00000,0x00000000d8e00000)
  from space 5120K, 92% used [0x00000000d8e00000,0x00000000d929b438,0x00000000d9300000)
  to   space 5120K, 0% used [0x00000000d9300000,0x00000000d9300000,0x00000000d9800000)
 ParOldGen       total 84992K, used 16K [0x0000000084c00000, 0x0000000089f00000, 0x00000000d6f00000)
  object space 84992K, 0% used [0x0000000084c00000,0x0000000084c04000,0x0000000089f00000)
 Metaspace       used 18374K, capacity 18603K, committed 18816K, reserved 1067008K
  class space    used 1802K, capacity 1885K, committed 1920K, reserved 1048576K
Event: 1.283 GC heap after
Heap after GC invocations=2 (full 0):
 PSYoungGen      total 36864K, used 5103K [0x00000000d6f00000, 0x00000000db700000, 0x0000000100000000)
  eden space 31744K, 0% used [0x00000000d6f00000,0x00000000d6f00000,0x00000000d8e00000)
  from space 5120K, 99% used [0x00000000d9300000,0x00000000d97fbf30,0x00000000d9800000)
  to   space 5120K, 0% used [0x00000000d8e00000,0x00000000d8e00000,0x00000000d9300000)
 ParOldGen       total 84992K, used 6314K [0x0000000084c00000, 0x0000000089f00000, 0x00000000d6f00000)
  object space 84992K, 7% used [0x0000000084c00000,0x000000008522a930,0x0000000089f00000)
 Metaspace       used 18374K, capacity 18603K, committed 18816K, reserved 1067008K
  class space    used 1802K, capacity 1885K, committed 1920K, reserved 1048576K
}
Event: 1.457 GC heap before
{Heap before GC invocations=3 (full 0):
 PSYoungGen      total 36864K, used 36847K [0x00000000d6f00000, 0x00000000db700000, 0x0000000100000000)
  eden space 31744K, 100% used [0x00000000d6f00000,0x00000000d8e00000,0x00000000d8e00000)
  from space 5120K, 99% used [0x00000000d9300000,0x00000000d97fbf30,0x00000000d9800000)
  to   space 5120K, 0% used [0x00000000d8e00000,0x00000000d8e00000,0x00000000d9300000)
 ParOldGen       total 84992K, used 6314K [0x0000000084c00000, 0x0000000089f00000, 0x00000000d6f00000)
  object space 84992K, 7% used [0x0000000084c00000,0x000000008522a930,0x0000000089f00000)
 Metaspace       used 18417K, capacity 18667K, committed 18816K, reserved 1067008K
  class space    used 1807K, capacity 1885K, committed 1920K, reserved 1048576K
Event: 1.479 GC heap after
Heap after GC invocations=3 (full 0):
 PSYoungGen      total 36864K, used 5103K [0x00000000d6f00000, 0x00000000db700000, 0x0000000100000000)
  eden space 31744K, 0% used [0x00000000d6f00000,0x00000000d6f00000,0x00000000d8e00000)
  from space 5120K, 99% used [0x00000000d8e00000,0x00000000d92fbc38,0x00000000d9300000)
  to   space 5120K, 0% used [0x00000000db200000,0x00000000db200000,0x00000000db700000)
 ParOldGen       total 84992K, used 18357K [0x0000000084c00000, 0x0000000089f00000, 0x00000000d6f00000)
  object space 84992K, 21% used [0x0000000084c00000,0x0000000085ded518,0x0000000089f00000)
 Metaspace       used 18417K, capacity 18667K, committed 18816K, reserved 1067008K
  class space    used 1807K, capacity 1885K, committed 1920K, reserved 1048576K
}
Event: 1.544 GC heap before
{Heap before GC invocations=4 (full 0):
 PSYoungGen      total 36864K, used 36847K [0x00000000d6f00000, 0x00000000db700000, 0x0000000100000000)
  eden space 31744K, 100% used [0x00000000d6f00000,0x00000000d8e00000,0x00000000d8e00000)
  from space 5120K, 99% used [0x00000000d8e00000,0x00000000d92fbc38,0x00000000d9300000)
  to   space 5120K, 0% used [0x00000000db200000,0x00000000db200000,0x00000000db700000)
 ParOldGen       total 84992K, used 18357K [0x0000000084c00000, 0x0000000089f00000, 0x00000000d6f00000)
  object space 84992K, 21% used [0x0000000084c00000,0x0000000085ded518,0x0000000089f00000)
 Metaspace       used 18417K, capacity 18667K, committed 18816K, reserved 1067008K
  class space    used 1807K, capacity 1885K, committed 1920K, reserved 1048576K
Event: 1.570 GC heap after
Heap after GC invocations=4 (full 0):
 PSYoungGen      total 68608K, used 5096K [0x00000000d6f00000, 0x00000000db700000, 0x0000000100000000)
  eden space 63488K, 0% used [0x00000000d6f00000,0x00000000d6f00000,0x00000000dad00000)
  from space 5120K, 99% used [0x00000000db200000,0x00000000db6fa158,0x00000000db700000)
  to   space 5120K, 0% used [0x00000000dad00000,0x00000000dad00000,0x00000000db200000)
 ParOldGen       total 84992K, used 30645K [0x0000000084c00000, 0x0000000089f00000, 0x00000000d6f00000)
  object space 84992K, 36% used [0x0000000084c00000,0x00000000869ed518,0x0000000089f00000)
 Metaspace       used 18417K, capacity 18667K, committed 18816K, reserved 1067008K
  class space    used 1807K, capacity 1885K, committed 1920K, reserved 1048576K
}
Event: 2.078 GC heap before
{Heap before GC invocations=5 (full 0):
 PSYoungGen      total 68608K, used 68584K [0x00000000d6f00000, 0x00000000db700000, 0x0000000100000000)
  eden space 63488K, 100% used [0x00000000d6f00000,0x00000000dad00000,0x00000000dad00000)
  from space 5120K, 99% used [0x00000000db200000,0x00000000db6fa158,0x00000000db700000)
  to   space 5120K, 0% used [0x00000000dad00000,0x00000000dad00000,0x00000000db200000)
 ParOldGen       total 84992K, used 30645K [0x0000000084c00000, 0x0000000089f00000, 0x00000000d6f00000)
  object space 84992K, 36% used [0x0000000084c00000,0x00000000869ed518,0x0000000089f00000)
 Metaspace       used 19230K, capacity 19459K, committed 19712K, reserved 1067008K
  class space    used 1874K, capacity 1953K, committed 2048K, reserved 1048576K
Event: 2.108 GC heap after
Heap after GC invocations=5 (full 0):
 PSYoungGen      total 68608K, used 5107K [0x00000000d6f00000, 0x00000000e2400000, 0x0000000100000000)
  eden space 63488K, 0% used [0x00000000d6f00000,0x00000000d6f00000,0x00000000dad00000)
  from space 5120K, 99% used [0x00000000dad00000,0x00000000db1fcc60,0x00000000db200000)
  to   space 29184K, 0% used [0x00000000e0780000,0x00000000e0780000,0x00000000e2400000)
 ParOldGen       total 84992K, used 49534K [0x0000000084c00000, 0x0000000089f00000, 0x00000000d6f00000)
  object space 84992K, 58% used [0x0000000084c00000,0x0000000087c5f820,0x0000000089f00000)
 Metaspace       used 19230K, capacity 19459K, committed 19712K, reserved 1067008K
  class space    used 1874K, capacity 1953K, committed 2048K, reserved 1048576K
}
Event: 3.952 GC heap before
{Heap before GC invocations=6 (full 0):
 PSYoungGen      total 68608K, used 68595K [0x00000000d6f00000, 0x00000000e2400000, 0x0000000100000000)
  eden space 63488K, 100% used [0x00000000d6f00000,0x00000000dad00000,0x00000000dad00000)
  from space 5120K, 99% used [0x00000000dad00000,0x00000000db1fcc60,0x00000000db200000)
  to   space 29184K, 0% used [0x00000000e0780000,0x00000000e0780000,0x00000000e2400000)
 ParOldGen       total 84992K, used 49534K [0x0000000084c00000, 0x0000000089f00000, 0x00000000d6f00000)
  object space 84992K, 58% used [0x0000000084c00000,0x0000000087c5f820,0x0000000089f00000)
 Metaspace       used 19483K, capacity 19651K, committed 19968K, reserved 1067008K
  class space    used 1874K, capacity 1953K, committed 2048K, reserved 1048576K
Event: 3.965 GC heap after
Heap after GC invocations=6 (full 0):
 PSYoungGen      total 154112K, used 8853K [0x00000000d6f00000, 0x00000000e2200000, 0x0000000100000000)
  eden space 126976K, 0% used [0x00000000d6f00000,0x00000000d6f00000,0x00000000deb00000)
  from space 27136K, 32% used [0x00000000e0780000,0x00000000e1025550,0x00000000e2200000)
  to   space 28160K, 0% used [0x00000000deb00000,0x00000000deb00000,0x00000000e0680000)
 ParOldGen       total 84992K, used 49542K [0x0000000084c00000, 0x0000000089f00000, 0x00000000d6f00000)
  object space 84992K, 58% used [0x0000000084c00000,0x0000000087c61820,0x0000000089f00000)
 Metaspace       used 19483K, capacity 19651K, committed 19968K, reserved 1067008K
  class space    used 1874K, capacity 1953K, committed 2048K, reserved 1048576K
}

