# JRE version: Java(TM) SE Runtime Environment (8.0_51-b16) (build 1.8.0_51-b16)
# Java VM: Java HotSpot(TM) 64-Bit Server VM (25.51-b03 mixed mode linux-amd64 compressed oops)
Heap:
 PSYoungGen      total 156160K, used 30702K [0x00000000d6f00000, 0x00000000e9e00000, 0x0000000100000000)
  eden space 126976K, 17% used [0x00000000d6f00000,0x00000000d84dec70,0x00000000deb00000)
  from space 29184K, 28% used [0x00000000deb00000,0x00000000df31cdf0,0x00000000e0780000)
  to   space 28160K, 0% used [0x00000000e8280000,0x00000000e8280000,0x00000000e9e00000)
 ParOldGen       total 84992K, used 51404K [0x0000000084c00000, 0x0000000089f00000, 0x00000000d6f00000)
  object space 84992K, 60% used [0x0000000084c00000,0x0000000087e33238,0x0000000089f00000)
 Metaspace       used 19742K, capacity 19907K, committed 20224K, reserved 1067008K
  class space    used 1875K, capacity 1953K, committed 2048K, reserved 1048576K
GC Heap History (10 events):
Event: 1.858 GC heap before
{Heap before GC invocations=3 (full 0):
 PSYoungGen      total 36864K, used 36863K [0x00000000d6f00000, 0x00000000db700000, 0x0000000100000000)
  eden space 31744K, 100% used [0x00000000d6f00000,0x00000000d8e00000,0x00000000d8e00000)
  from space 5120K, 99% used [0x00000000d9300000,0x00000000d97fff20,0x00000000d9800000)
  to   space 5120K, 0% used [0x00000000d8e00000,0x00000000d8e00000,0x00000000d9300000)
 ParOldGen       total 84992K, used 6273K [0x0000000084c00000, 0x0000000089f00000, 0x00000000d6f00000)
  object space 84992K, 7% used [0x0000000084c00000,0x0000000085220420,0x0000000089f00000)
 Metaspace       used 18404K, capacity 18667K, committed 18816K, reserved 1067008K
  class space    used 1802K, capacity 1885K, committed 1920K, reserved 1048576K
Event: 1.889 GC heap after
Heap after GC invocations=3 (full 0):
 PSYoungGen      total 36864K, used 5117K [0x00000000d6f00000, 0x00000000db700000, 0x0000000100000000)
  eden space 31744K, 0% used [0x00000000d6f00000,0x00000000d6f00000,0x00000000d8e00000)
  from space 5120K, 99% used [0x00000000d8e00000,0x00000000d92ff418,0x00000000d9300000)
  to   space 5120K, 0% used [0x00000000db200000,0x00000000db200000,0x00000000db700000)
 ParOldGen       total 84992K, used 18364K [0x0000000084c00000, 0x0000000089f00000, 0x00000000d6f00000)
  object space 84992K, 21% used [0x0000000084c00000,0x0000000085def008,0x0000000089f00000)
 Metaspace       used 18404K, capacity 18667K, committed 18816K, reserved 1067008K
  class space    used 1802K, capacity 1885K, committed 1920K, reserved 1048576K
}
Event: 2.005 GC heap before
{Heap before GC invocations=4 (full 0):
 PSYoungGen      total 36864K, used 36861K [0x00000000d6f00000, 0x00000000db700000, 0x0000000100000000)
  eden space 31744K, 100% used [0x00000000d6f00000,0x00000000d8e00000,0x00000000d8e00000)
  from space 5120K, 99% used [0x00000000d8e00000,0x00000000d92ff418,0x00000000d9300000)
  to   space 5120K, 0% used [0x00000000db200000,0x00000000db200000,0x00000000db700000)
 ParOldGen       total 84992K, used 18364K [0x0000000084c00000, 0x0000000089f00000, 0x00000000d6f00000)
  object space 84992K, 21% used [0x0000000084c00000,0x0000000085def008,0x0000000089f00000)
 Metaspace       used 18404K, capacity 18667K, committed 18816K, reserved 1067008K
  class space    used 1802K, capacity 1885K, committed 1920K, reserved 1048576K
Event: 2.046 GC heap after
Heap after GC invocations=4 (full 0):
 PSYoungGen      total 68608K, used 5104K [0x00000000d6f00000, 0x00000000db700000, 0x0000000100000000)
  eden space 63488K, 0% used [0x00000000d6f00000,0x00000000d6f00000,0x00000000dad00000)
  from space 5120K, 99% used [0x00000000db200000,0x00000000db6fc050,0x00000000db700000)
  to   space 5120K, 0% used [0x00000000dad00000,0x00000000dad00000,0x00000000db200000)
 ParOldGen       total 84992K, used 30609K [0x0000000084c00000, 0x0000000089f00000, 0x00000000d6f00000)
  object space 84992K, 36% used [0x0000000084c00000,0x00000000869e4700,0x0000000089f00000)
 Metaspace       used 18404K, capacity 18667K, committed 18816K, reserved 1067008K
  class space    used 1802K, capacity 1885K, committed 1920K, reserved 1048576K
}
Event: 2.520 GC heap before
{Heap before GC invocations=5 (full 0):
 PSYoungGen      total 68608K, used 68592K [0x00000000d6f00000, 0x00000000db700000, 0x0000000100000000)
  eden space 63488K, 100% used [0x00000000d6f00000,0x00000000dad00000,0x00000000dad00000)
  from space 5120K, 99% used [0x00000000db200000,0x00000000db6fc050,0x00000000db700000)
  to   space 5120K, 0% used [0x00000000dad00000,0x00000000dad00000,0x00000000db200000)
 ParOldGen       total 84992K, used 30609K [0x0000000084c00000, 0x0000000089f00000, 0x00000000d6f00000)
  object space 84992K, 36% used [0x0000000084c00000,0x00000000869e4700,0x0000000089f00000)
 Metaspace       used 18750K, capacity 18929K, committed 19072K, reserved 1067008K
  class space    used 1819K, capacity 1886K, committed 1920K, reserved 1048576K
Event: 2.544 GC heap after
Heap after GC invocations=5 (full 0):
 PSYoungGen      total 68608K, used 5091K [0x00000000d6f00000, 0x00000000e2500000, 0x0000000100000000)
  eden space 63488K, 0% used [0x00000000d6f00000,0x00000000d6f00000,0x00000000dad00000)
  from space 5120K, 99% used [0x00000000dad00000,0x00000000db1f8d20,0x00000000db200000)
  to   space 29696K, 0% used [0x00000000e0800000,0x00000000e0800000,0x00000000e2500000)
 ParOldGen       total 84992K, used 50132K [0x0000000084c00000, 0x0000000089f00000, 0x00000000d6f00000)
  object space 84992K, 58% used [0x0000000084c00000,0x0000000087cf5230,0x0000000089f00000)
 Metaspace       used 18750K, capacity 18929K, committed 19072K, reserved 1067008K
  class space    used 1819K, capacity 1886K, committed 1920K, reserved 1048576K
}
Event: 3.423 GC heap before
{Heap before GC invocations=6 (full 0):
 PSYoungGen      total 68608K, used 68579K [0x00000000d6f00000, 0x00000000e2500000, 0x0000000100000000)
  eden space 63488K, 100% used [0x00000000d6f00000,0x00000000dad00000,0x00000000dad00000)
  from space 5120K, 99% used [0x00000000dad00000,0x00000000db1f8d20,0x00000000db200000)
  to   space 29696K, 0% used [0x00000000e0800000,0x00000000e0800000,0x00000000e2500000)
 ParOldGen       total 84992K, used 50132K [0x0000000084c00000, 0x0000000089f00000, 0x00000000d6f00000)
  object space 84992K, 58% used [0x0000000084c00000,0x0000000087cf5230,0x0000000089f00000)
 Metaspace       used 19313K, capacity 19555K, committed 19968K, reserved 1067008K
  class space    used 1868K, capacity 1921K, committed 2048K, reserved 1048576K
Event: 3.436 GC heap after
Heap after GC invocations=6 (full 0):
 PSYoungGen      total 155648K, used 8275K [0x00000000d6f00000, 0x00000000e2400000, 0x0000000100000000)
  eden space 126976K, 0% used [0x00000000d6f00000,0x00000000d6f00000,0x00000000deb00000)
  from space 28672K, 28% used [0x00000000e0800000,0x00000000e1014de0,0x00000000e2400000)
  to   space 29184K, 0% used [0x00000000deb00000,0x00000000deb00000,0x00000000e0780000)
 ParOldGen       total 84992K, used 50140K [0x0000000084c00000, 0x0000000089f00000, 0x00000000d6f00000)
  object space 84992K, 58% used [0x0000000084c00000,0x0000000087cf7230,0x0000000089f00000)
 Metaspace       used 19313K, capacity 19555K, committed 19968K, reserved 1067008K
  class space    used 1868K, capacity 1921K, committed 2048K, reserved 1048576K
}
Event: 8.148 GC heap before
{Heap before GC invocations=7 (full 0):
 PSYoungGen      total 155648K, used 135251K [0x00000000d6f00000, 0x00000000e2400000, 0x0000000100000000)
  eden space 126976K, 100% used [0x00000000d6f00000,0x00000000deb00000,0x00000000deb00000)
  from space 28672K, 28% used [0x00000000e0800000,0x00000000e1014de0,0x00000000e2400000)
  to   space 29184K, 0% used [0x00000000deb00000,0x00000000deb00000,0x00000000e0780000)
 ParOldGen       total 84992K, used 50140K [0x0000000084c00000, 0x0000000089f00000, 0x00000000d6f00000)
  object space 84992K, 58% used [0x0000000084c00000,0x0000000087cf7230,0x0000000089f00000)
 Metaspace       used 19724K, capacity 19907K, committed 20224K, reserved 1067008K
  class space    used 1873K, capacity 1953K, committed 2048K, reserved 1048576K
Event: 8.160 GC heap after
Heap after GC invocations=7 (full 0):
 PSYoungGen      total 156160K, used 8307K [0x00000000d6f00000, 0x00000000e9e00000, 0x0000000100000000)
  eden space 126976K, 0% used [0x00000000d6f00000,0x00000000d6f00000,0x00000000deb00000)
  from space 29184K, 28% used [0x00000000deb00000,0x00000000df31cdf0,0x00000000e0780000)
  to   space 28160K, 0% used [0x00000000e8280000,0x00000000e8280000,0x00000000e9e00000)
 ParOldGen       total 84992K, used 51404K [0x0000000084c00000, 0x0000000089f00000, 0x00000000d6f00000)
  object space 84992K, 60% used [0x0000000084c00000,0x0000000087e33238,0x0000000089f00000)
 Metaspace       used 19724K, capacity 19907K, committed 20224K, reserved 1067008K
  class space    used 1873K, capacity 1953K, committed 2048K, reserved 1048576K
}

